{"C:\\Desenvolvimento\\Workspaces\\fiap\\hackathon\\clientes-api\\src\\infrastructure\\repositories\\email\\email.repository.ts": {"path":"C:\\Desenvolvimento\\Workspaces\\fiap\\hackathon\\clientes-api\\src\\infrastructure\\repositories\\email\\email.repository.ts","statementMap":{"0":{"start":{"line":1,"column":0},"end":{"line":1,"column":52}},"1":{"start":{"line":2,"column":0},"end":{"line":2,"column":72}},"2":{"start":{"line":12,"column":7},"end":{"line":41,"column":null}},"3":{"start":{"line":17,"column":21},"end":{"line":19,"column":null}},"4":{"start":{"line":22,"column":23},"end":{"line":22,"column":48}},"5":{"start":{"line":24,"column":16},"end":{"line":24,"column":53}},"6":{"start":{"line":26,"column":24},"end":{"line":32,"column":26}},"7":{"start":{"line":35,"column":6},"end":{"line":35,"column":51}},"8":{"start":{"line":37,"column":4},"end":{"line":37,"column":71}},"9":{"start":{"line":39,"column":4},"end":{"line":39,"column":53}},"10":{"start":{"line":12,"column":13},"end":{"line":12,"column":28}},"11":{"start":{"line":14,"column":19},"end":{"line":14,"column":null}},"12":{"start":{"line":12,"column":13},"end":{"line":41,"column":null}}},"fnMap":{"0":{"name":"(anonymous_2)","decl":{"start":{"line":16,"column":2},"end":{"line":16,"column":7}},"loc":{"start":{"line":16,"column":25},"end":{"line":40,"column":3}}}},"branchMap":{"0":{"loc":{"start":{"line":39,"column":11},"end":{"line":39,"column":52}},"type":"cond-expr","locations":[{"start":{"line":39,"column":40},"end":{"line":39,"column":44}},{"start":{"line":39,"column":47},"end":{"line":39,"column":52}}]}},"s":{"0":3,"1":3,"2":3,"3":2,"4":2,"5":2,"6":2,"7":2,"8":2,"9":2,"10":3,"11":3,"12":3},"f":{"0":2},"b":{"0":[1,1]}}
,"C:\\Desenvolvimento\\Workspaces\\fiap\\hackathon\\clientes-api\\src\\infrastructure\\repositories\\event\\event.repository.ts": {"path":"C:\\Desenvolvimento\\Workspaces\\fiap\\hackathon\\clientes-api\\src\\infrastructure\\repositories\\event\\event.repository.ts","statementMap":{"0":{"start":{"line":1,"column":0},"end":{"line":1,"column":52}},"1":{"start":{"line":2,"column":0},"end":{"line":2,"column":46}},"2":{"start":{"line":3,"column":0},"end":{"line":3,"column":54}},"3":{"start":{"line":6,"column":7},"end":{"line":39,"column":null}},"4":{"start":{"line":19,"column":22},"end":{"line":26,"column":6}},"5":{"start":{"line":28,"column":4},"end":{"line":28,"column":63}},"6":{"start":{"line":32,"column":25},"end":{"line":32,"column":60}},"7":{"start":{"line":33,"column":17},"end":{"line":34,"column":null}},"8":{"start":{"line":37,"column":4},"end":{"line":37,"column":54}},"9":{"start":{"line":6,"column":13},"end":{"line":6,"column":28}},"10":{"start":{"line":8,"column":19},"end":{"line":8,"column":null}},"11":{"start":{"line":11,"column":19},"end":{"line":11,"column":null}},"12":{"start":{"line":6,"column":13},"end":{"line":39,"column":null}}},"fnMap":{"0":{"name":"(anonymous_2)","decl":{"start":{"line":13,"column":2},"end":{"line":13,"column":7}},"loc":{"start":{"line":17,"column":24},"end":{"line":29,"column":3}}},"1":{"name":"(anonymous_3)","decl":{"start":{"line":31,"column":2},"end":{"line":31,"column":10}},"loc":{"start":{"line":31,"column":24},"end":{"line":38,"column":3}}}},"branchMap":{"0":{"loc":{"start":{"line":17,"column":4},"end":{"line":17,"column":24}},"type":"default-arg","locations":[{"start":{"line":17,"column":20},"end":{"line":17,"column":24}}]}},"s":{"0":2,"1":2,"2":2,"3":2,"4":1,"5":1,"6":1,"7":1,"8":1,"9":2,"10":2,"11":2,"12":2},"f":{"0":1,"1":1},"b":{"0":[1]}}
,"C:\\Desenvolvimento\\Workspaces\\fiap\\hackathon\\clientes-api\\src\\infrastructure\\repositories\\identity\\identity.repository.ts": {"path":"C:\\Desenvolvimento\\Workspaces\\fiap\\hackathon\\clientes-api\\src\\infrastructure\\repositories\\identity\\identity.repository.ts","statementMap":{"0":{"start":{"line":1,"column":0},"end":{"line":1,"column":44}},"1":{"start":{"line":2,"column":0},"end":{"line":2,"column":null}},"2":{"start":{"line":9,"column":0},"end":{"line":9,"column":null}},"3":{"start":{"line":14,"column":0},"end":{"line":14,"column":63}},"4":{"start":{"line":18,"column":7},"end":{"line":117,"column":null}},"5":{"start":{"line":20,"column":35},"end":{"line":26,"column":6}},"6":{"start":{"line":28,"column":4},"end":{"line":28,"column":26}},"7":{"start":{"line":32,"column":4},"end":{"line":41,"column":5}},"8":{"start":{"line":33,"column":37},"end":{"line":33,"column":79}},"9":{"start":{"line":34,"column":6},"end":{"line":34,"column":45}},"10":{"start":{"line":36,"column":6},"end":{"line":40,"column":7}},"11":{"start":{"line":37,"column":8},"end":{"line":37,"column":20}},"12":{"start":{"line":39,"column":8},"end":{"line":39,"column":20}},"13":{"start":{"line":48,"column":4},"end":{"line":56,"column":5}},"14":{"start":{"line":49,"column":6},"end":{"line":51,"column":9}},"15":{"start":{"line":52,"column":6},"end":{"line":52,"column":18}},"16":{"start":{"line":54,"column":6},"end":{"line":54,"column":27}},"17":{"start":{"line":55,"column":6},"end":{"line":55,"column":19}},"18":{"start":{"line":61,"column":4},"end":{"line":61,"column":47}},"19":{"start":{"line":65,"column":4},"end":{"line":65,"column":47}},"20":{"start":{"line":69,"column":4},"end":{"line":69,"column":47}},"21":{"start":{"line":73,"column":4},"end":{"line":77,"column":7}},"22":{"start":{"line":79,"column":4},"end":{"line":79,"column":16}},"23":{"start":{"line":84,"column":4},"end":{"line":84,"column":36}},"24":{"start":{"line":91,"column":43},"end":{"line":94,"column":null}},"25":{"start":{"line":96,"column":4},"end":{"line":96,"column":44}},"26":{"start":{"line":100,"column":36},"end":{"line":100,"column":77}},"27":{"start":{"line":101,"column":4},"end":{"line":101,"column":40}},"28":{"start":{"line":105,"column":28},"end":{"line":105,"column":41}},"29":{"start":{"line":107,"column":4},"end":{"line":107,"column":32}},"30":{"start":{"line":108,"column":4},"end":{"line":108,"column":37}},"31":{"start":{"line":109,"column":4},"end":{"line":109,"column":33}},"32":{"start":{"line":110,"column":4},"end":{"line":110,"column":36}},"33":{"start":{"line":111,"column":4},"end":{"line":111,"column":42}},"34":{"start":{"line":112,"column":4},"end":{"line":112,"column":58}},"35":{"start":{"line":113,"column":4},"end":{"line":113,"column":42}},"36":{"start":{"line":115,"column":4},"end":{"line":115,"column":18}},"37":{"start":{"line":18,"column":13},"end":{"line":18,"column":31}},"38":{"start":{"line":18,"column":13},"end":{"line":117,"column":null}}},"fnMap":{"0":{"name":"(anonymous_1)","decl":{"start":{"line":19,"column":2},"end":{"line":19,"column":7}},"loc":{"start":{"line":19,"column":60},"end":{"line":29,"column":3}}},"1":{"name":"(anonymous_2)","decl":{"start":{"line":31,"column":2},"end":{"line":31,"column":7}},"loc":{"start":{"line":31,"column":33},"end":{"line":42,"column":3}}},"2":{"name":"(anonymous_3)","decl":{"start":{"line":44,"column":2},"end":{"line":44,"column":7}},"loc":{"start":{"line":46,"column":24},"end":{"line":57,"column":3}}},"3":{"name":"(anonymous_4)","decl":{"start":{"line":60,"column":2},"end":{"line":60,"column":8}},"loc":{"start":{"line":60,"column":24},"end":{"line":62,"column":3}}},"4":{"name":"(anonymous_5)","decl":{"start":{"line":64,"column":2},"end":{"line":64,"column":9}},"loc":{"start":{"line":64,"column":9},"end":{"line":66,"column":3}}},"5":{"name":"(anonymous_6)","decl":{"start":{"line":68,"column":2},"end":{"line":68,"column":9}},"loc":{"start":{"line":68,"column":21},"end":{"line":70,"column":3}}},"6":{"name":"(anonymous_7)","decl":{"start":{"line":72,"column":2},"end":{"line":72,"column":7}},"loc":{"start":{"line":72,"column":43},"end":{"line":80,"column":3}}},"7":{"name":"(anonymous_8)","decl":{"start":{"line":83,"column":2},"end":{"line":83,"column":7}},"loc":{"start":{"line":83,"column":26},"end":{"line":85,"column":3}}},"8":{"name":"(anonymous_9)","decl":{"start":{"line":87,"column":2},"end":{"line":87,"column":7}},"loc":{"start":{"line":89,"column":20},"end":{"line":97,"column":3}}},"9":{"name":"(anonymous_10)","decl":{"start":{"line":99,"column":2},"end":{"line":99,"column":7}},"loc":{"start":{"line":99,"column":35},"end":{"line":102,"column":3}}},"10":{"name":"(anonymous_11)","decl":{"start":{"line":104,"column":10},"end":{"line":104,"column":24}},"loc":{"start":{"line":104,"column":60},"end":{"line":116,"column":3}}}},"branchMap":{"0":{"loc":{"start":{"line":36,"column":6},"end":{"line":40,"column":7}},"type":"if","locations":[{"start":{"line":36,"column":6},"end":{"line":40,"column":7}},{"start":{"line":38,"column":13},"end":{"line":40,"column":7}}]}},"s":{"0":5,"1":5,"2":5,"3":5,"4":5,"5":1,"6":1,"7":3,"8":3,"9":1,"10":2,"11":1,"12":1,"13":2,"14":2,"15":1,"16":1,"17":1,"18":0,"19":0,"20":0,"21":1,"22":1,"23":0,"24":1,"25":1,"26":1,"27":1,"28":2,"29":2,"30":2,"31":2,"32":2,"33":2,"34":2,"35":2,"36":2,"37":5,"38":5},"f":{"0":1,"1":3,"2":2,"3":0,"4":0,"5":0,"6":1,"7":0,"8":1,"9":1,"10":2},"b":{"0":[1,1]}}
,"C:\\Desenvolvimento\\Workspaces\\fiap\\hackathon\\clientes-api\\src\\infrastructure\\repositories\\medico\\medico.repository.ts": {"path":"C:\\Desenvolvimento\\Workspaces\\fiap\\hackathon\\clientes-api\\src\\infrastructure\\repositories\\medico\\medico.repository.ts","statementMap":{"0":{"start":{"line":1,"column":0},"end":{"line":1,"column":52}},"1":{"start":{"line":2,"column":0},"end":{"line":2,"column":51}},"2":{"start":{"line":3,"column":0},"end":{"line":3,"column":73}},"3":{"start":{"line":4,"column":0},"end":{"line":4,"column":60}},"4":{"start":{"line":6,"column":0},"end":{"line":6,"column":59}},"5":{"start":{"line":7,"column":0},"end":{"line":7,"column":63}},"6":{"start":{"line":9,"column":0},"end":{"line":9,"column":72}},"7":{"start":{"line":12,"column":7},"end":{"line":103,"column":null}},"8":{"start":{"line":22,"column":2},"end":{"line":22,"column":51}},"9":{"start":{"line":25,"column":4},"end":{"line":25,"column":71}},"10":{"start":{"line":26,"column":33},"end":{"line":26,"column":68}},"11":{"start":{"line":27,"column":36},"end":{"line":27,"column":70}},"12":{"start":{"line":28,"column":4},"end":{"line":28,"column":25}},"13":{"start":{"line":32,"column":4},"end":{"line":32,"column":71}},"14":{"start":{"line":33,"column":33},"end":{"line":37,"column":6}},"15":{"start":{"line":39,"column":4},"end":{"line":39,"column":47}},"16":{"start":{"line":44,"column":4},"end":{"line":44,"column":47}},"17":{"start":{"line":53,"column":4},"end":{"line":53,"column":71}},"18":{"start":{"line":54,"column":35},"end":{"line":54,"column":37}},"19":{"start":{"line":56,"column":19},"end":{"line":56,"column":63}},"20":{"start":{"line":57,"column":18},"end":{"line":57,"column":64}},"21":{"start":{"line":59,"column":42},"end":{"line":64,"column":6}},"22":{"start":{"line":66,"column":4},"end":{"line":68,"column":7}},"23":{"start":{"line":67,"column":6},"end":{"line":67,"column":56}},"24":{"start":{"line":70,"column":4},"end":{"line":70,"column":19}},"25":{"start":{"line":74,"column":4},"end":{"line":74,"column":71}},"26":{"start":{"line":75,"column":19},"end":{"line":76,"column":null}},"27":{"start":{"line":79,"column":33},"end":{"line":82,"column":6}},"28":{"start":{"line":84,"column":4},"end":{"line":84,"column":47}},"29":{"start":{"line":88,"column":4},"end":{"line":88,"column":71}},"30":{"start":{"line":89,"column":33},"end":{"line":89,"column":68}},"31":{"start":{"line":91,"column":47},"end":{"line":94,"column":null}},"32":{"start":{"line":97,"column":4},"end":{"line":97,"column":71}},"33":{"start":{"line":101,"column":4},"end":{"line":101,"column":47}},"34":{"start":{"line":12,"column":13},"end":{"line":12,"column":29}},"35":{"start":{"line":14,"column":19},"end":{"line":14,"column":null}},"36":{"start":{"line":17,"column":19},"end":{"line":17,"column":null}},"37":{"start":{"line":20,"column":19},"end":{"line":20,"column":null}},"38":{"start":{"line":12,"column":13},"end":{"line":103,"column":null}}},"fnMap":{"0":{"name":"(anonymous_2)","decl":{"start":{"line":12,"column":7},"end":{"line":12,"column":13}},"loc":{"start":{"line":12,"column":7},"end":{"line":103,"column":1}}},"1":{"name":"(anonymous_3)","decl":{"start":{"line":24,"column":2},"end":{"line":24,"column":7}},"loc":{"start":{"line":24,"column":29},"end":{"line":29,"column":3}}},"2":{"name":"(anonymous_4)","decl":{"start":{"line":31,"column":2},"end":{"line":31,"column":7}},"loc":{"start":{"line":31,"column":33},"end":{"line":40,"column":3}}},"3":{"name":"(anonymous_5)","decl":{"start":{"line":43,"column":2},"end":{"line":43,"column":7}},"loc":{"start":{"line":43,"column":59},"end":{"line":45,"column":3}}},"4":{"name":"(anonymous_6)","decl":{"start":{"line":47,"column":2},"end":{"line":47,"column":7}},"loc":{"start":{"line":51,"column":19},"end":{"line":71,"column":3}}},"5":{"name":"(anonymous_7)","decl":{"start":{"line":66,"column":21},"end":{"line":66,"column":22}},"loc":{"start":{"line":66,"column":46},"end":{"line":68,"column":5}}},"6":{"name":"(anonymous_8)","decl":{"start":{"line":73,"column":2},"end":{"line":73,"column":7}},"loc":{"start":{"line":73,"column":43},"end":{"line":85,"column":3}}},"7":{"name":"(anonymous_9)","decl":{"start":{"line":87,"column":2},"end":{"line":87,"column":7}},"loc":{"start":{"line":87,"column":42},"end":{"line":98,"column":3}}},"8":{"name":"(anonymous_10)","decl":{"start":{"line":100,"column":2},"end":{"line":100,"column":7}},"loc":{"start":{"line":100,"column":26},"end":{"line":102,"column":3}}}},"branchMap":{"0":{"loc":{"start":{"line":97,"column":11},"end":{"line":97,"column":70}},"type":"binary-expr","locations":[{"start":{"line":97,"column":11},"end":{"line":97,"column":39}},{"start":{"line":97,"column":43},"end":{"line":97,"column":70}}]}},"s":{"0":3,"1":3,"2":3,"3":3,"4":3,"5":3,"6":3,"7":3,"8":9,"9":1,"10":1,"11":1,"12":1,"13":1,"14":1,"15":1,"16":1,"17":1,"18":1,"19":1,"20":1,"21":1,"22":1,"23":1,"24":1,"25":2,"26":2,"27":2,"28":2,"29":1,"30":1,"31":1,"32":1,"33":1,"34":3,"35":3,"36":3,"37":3,"38":3},"f":{"0":9,"1":1,"2":1,"3":1,"4":1,"5":1,"6":2,"7":1,"8":1},"b":{"0":[1,1]}}
,"C:\\Desenvolvimento\\Workspaces\\fiap\\hackathon\\clientes-api\\src\\infrastructure\\repositories\\paciente\\paciente.repository.ts": {"path":"C:\\Desenvolvimento\\Workspaces\\fiap\\hackathon\\clientes-api\\src\\infrastructure\\repositories\\paciente\\paciente.repository.ts","statementMap":{"0":{"start":{"line":1,"column":0},"end":{"line":1,"column":52}},"1":{"start":{"line":2,"column":0},"end":{"line":2,"column":51}},"2":{"start":{"line":3,"column":0},"end":{"line":3,"column":73}},"3":{"start":{"line":4,"column":0},"end":{"line":4,"column":59}},"4":{"start":{"line":5,"column":0},"end":{"line":5,"column":72}},"5":{"start":{"line":8,"column":0},"end":{"line":8,"column":64}},"6":{"start":{"line":9,"column":0},"end":{"line":9,"column":67}},"7":{"start":{"line":12,"column":7},"end":{"line":103,"column":null}},"8":{"start":{"line":22,"column":2},"end":{"line":22,"column":53}},"9":{"start":{"line":25,"column":4},"end":{"line":25,"column":73}},"10":{"start":{"line":26,"column":35},"end":{"line":26,"column":72}},"11":{"start":{"line":27,"column":38},"end":{"line":27,"column":72}},"12":{"start":{"line":28,"column":4},"end":{"line":28,"column":25}},"13":{"start":{"line":32,"column":4},"end":{"line":32,"column":73}},"14":{"start":{"line":33,"column":35},"end":{"line":37,"column":6}},"15":{"start":{"line":39,"column":4},"end":{"line":39,"column":49}},"16":{"start":{"line":44,"column":4},"end":{"line":44,"column":47}},"17":{"start":{"line":53,"column":4},"end":{"line":53,"column":73}},"18":{"start":{"line":54,"column":37},"end":{"line":54,"column":39}},"19":{"start":{"line":56,"column":19},"end":{"line":56,"column":63}},"20":{"start":{"line":57,"column":18},"end":{"line":57,"column":64}},"21":{"start":{"line":59,"column":44},"end":{"line":64,"column":6}},"22":{"start":{"line":66,"column":4},"end":{"line":68,"column":7}},"23":{"start":{"line":67,"column":6},"end":{"line":67,"column":58}},"24":{"start":{"line":70,"column":4},"end":{"line":70,"column":19}},"25":{"start":{"line":74,"column":4},"end":{"line":74,"column":73}},"26":{"start":{"line":75,"column":19},"end":{"line":76,"column":null}},"27":{"start":{"line":79,"column":35},"end":{"line":82,"column":6}},"28":{"start":{"line":84,"column":4},"end":{"line":84,"column":49}},"29":{"start":{"line":88,"column":4},"end":{"line":88,"column":73}},"30":{"start":{"line":89,"column":35},"end":{"line":89,"column":72}},"31":{"start":{"line":91,"column":47},"end":{"line":94,"column":null}},"32":{"start":{"line":97,"column":4},"end":{"line":97,"column":71}},"33":{"start":{"line":101,"column":4},"end":{"line":101,"column":47}},"34":{"start":{"line":12,"column":13},"end":{"line":12,"column":31}},"35":{"start":{"line":14,"column":19},"end":{"line":14,"column":null}},"36":{"start":{"line":17,"column":19},"end":{"line":17,"column":null}},"37":{"start":{"line":20,"column":19},"end":{"line":20,"column":null}},"38":{"start":{"line":12,"column":13},"end":{"line":103,"column":null}}},"fnMap":{"0":{"name":"(anonymous_2)","decl":{"start":{"line":12,"column":7},"end":{"line":12,"column":13}},"loc":{"start":{"line":12,"column":7},"end":{"line":103,"column":1}}},"1":{"name":"(anonymous_3)","decl":{"start":{"line":24,"column":2},"end":{"line":24,"column":7}},"loc":{"start":{"line":24,"column":31},"end":{"line":29,"column":3}}},"2":{"name":"(anonymous_4)","decl":{"start":{"line":31,"column":2},"end":{"line":31,"column":7}},"loc":{"start":{"line":31,"column":33},"end":{"line":40,"column":3}}},"3":{"name":"(anonymous_5)","decl":{"start":{"line":43,"column":2},"end":{"line":43,"column":7}},"loc":{"start":{"line":43,"column":61},"end":{"line":45,"column":3}}},"4":{"name":"(anonymous_6)","decl":{"start":{"line":47,"column":2},"end":{"line":47,"column":7}},"loc":{"start":{"line":51,"column":19},"end":{"line":71,"column":3}}},"5":{"name":"(anonymous_7)","decl":{"start":{"line":66,"column":21},"end":{"line":66,"column":22}},"loc":{"start":{"line":66,"column":48},"end":{"line":68,"column":5}}},"6":{"name":"(anonymous_8)","decl":{"start":{"line":73,"column":2},"end":{"line":73,"column":7}},"loc":{"start":{"line":73,"column":43},"end":{"line":85,"column":3}}},"7":{"name":"(anonymous_9)","decl":{"start":{"line":87,"column":2},"end":{"line":87,"column":7}},"loc":{"start":{"line":87,"column":44},"end":{"line":98,"column":3}}},"8":{"name":"(anonymous_10)","decl":{"start":{"line":100,"column":2},"end":{"line":100,"column":7}},"loc":{"start":{"line":100,"column":26},"end":{"line":102,"column":3}}}},"branchMap":{"0":{"loc":{"start":{"line":97,"column":11},"end":{"line":97,"column":70}},"type":"binary-expr","locations":[{"start":{"line":97,"column":11},"end":{"line":97,"column":39}},{"start":{"line":97,"column":43},"end":{"line":97,"column":70}}]}},"s":{"0":3,"1":3,"2":3,"3":3,"4":3,"5":3,"6":3,"7":3,"8":9,"9":1,"10":1,"11":1,"12":1,"13":1,"14":1,"15":1,"16":1,"17":1,"18":1,"19":1,"20":1,"21":1,"22":1,"23":1,"24":1,"25":2,"26":2,"27":2,"28":2,"29":1,"30":1,"31":1,"32":1,"33":1,"34":3,"35":3,"36":3,"37":3,"38":3},"f":{"0":9,"1":1,"2":1,"3":1,"4":1,"5":1,"6":2,"7":1,"8":1},"b":{"0":[1,1]}}
,"C:\\Desenvolvimento\\Workspaces\\fiap\\hackathon\\clientes-api\\src\\usecases\\comunicacao\\comunicacao.service.ts": {"path":"C:\\Desenvolvimento\\Workspaces\\fiap\\hackathon\\clientes-api\\src\\usecases\\comunicacao\\comunicacao.service.ts","statementMap":{"0":{"start":{"line":1,"column":0},"end":{"line":1,"column":52}},"1":{"start":{"line":3,"column":0},"end":{"line":3,"column":78}},"2":{"start":{"line":4,"column":0},"end":{"line":4,"column":91}},"3":{"start":{"line":7,"column":7},"end":{"line":35,"column":null}},"4":{"start":{"line":15,"column":28},"end":{"line":15,"column":65}},"5":{"start":{"line":17,"column":17},"end":{"line":17,"column":71}},"6":{"start":{"line":18,"column":20},"end":{"line":18,"column":69}},"7":{"start":{"line":20,"column":25},"end":{"line":27,"column":6}},"8":{"start":{"line":29,"column":4},"end":{"line":33,"column":7}},"9":{"start":{"line":7,"column":13},"end":{"line":7,"column":31}},"10":{"start":{"line":9,"column":19},"end":{"line":9,"column":null}},"11":{"start":{"line":12,"column":19},"end":{"line":12,"column":null}},"12":{"start":{"line":7,"column":13},"end":{"line":35,"column":null}}},"fnMap":{"0":{"name":"(anonymous_2)","decl":{"start":{"line":14,"column":2},"end":{"line":14,"column":18}},"loc":{"start":{"line":14,"column":37},"end":{"line":34,"column":3}}}},"branchMap":{},"s":{"0":2,"1":2,"2":2,"3":2,"4":1,"5":1,"6":1,"7":1,"8":1,"9":2,"10":2,"11":2,"12":2},"f":{"0":1},"b":{}}
,"C:\\Desenvolvimento\\Workspaces\\fiap\\hackathon\\clientes-api\\src\\usecases\\medicos\\medicos.service.ts": {"path":"C:\\Desenvolvimento\\Workspaces\\fiap\\hackathon\\clientes-api\\src\\usecases\\medicos\\medicos.service.ts","statementMap":{"0":{"start":{"line":1,"column":0},"end":{"line":1,"column":null}},"1":{"start":{"line":11,"column":0},"end":{"line":11,"column":100}},"2":{"start":{"line":12,"column":0},"end":{"line":12,"column":94}},"3":{"start":{"line":13,"column":0},"end":{"line":13,"column":58}},"4":{"start":{"line":14,"column":0},"end":{"line":14,"column":64}},"5":{"start":{"line":15,"column":0},"end":{"line":15,"column":102}},"6":{"start":{"line":20,"column":7},"end":{"line":152,"column":null}},"7":{"start":{"line":31,"column":27},"end":{"line":31,"column":45}},"8":{"start":{"line":33,"column":29},"end":{"line":34,"column":null}},"9":{"start":{"line":37,"column":29},"end":{"line":38,"column":null}},"10":{"start":{"line":41,"column":4},"end":{"line":45,"column":5}},"11":{"start":{"line":42,"column":6},"end":{"line":44,"column":8}},"12":{"start":{"line":47,"column":4},"end":{"line":50,"column":6}},"13":{"start":{"line":52,"column":4},"end":{"line":52,"column":24}},"14":{"start":{"line":53,"column":4},"end":{"line":53,"column":45}},"15":{"start":{"line":55,"column":16},"end":{"line":55,"column":58}},"16":{"start":{"line":57,"column":4},"end":{"line":60,"column":7}},"17":{"start":{"line":62,"column":4},"end":{"line":62,"column":15}},"18":{"start":{"line":66,"column":4},"end":{"line":66,"column":70}},"19":{"start":{"line":70,"column":4},"end":{"line":70,"column":54}},"20":{"start":{"line":74,"column":25},"end":{"line":74,"column":43}},"21":{"start":{"line":76,"column":22},"end":{"line":76,"column":69}},"22":{"start":{"line":78,"column":4},"end":{"line":80,"column":5}},"23":{"start":{"line":79,"column":6},"end":{"line":79,"column":59}},"24":{"start":{"line":82,"column":4},"end":{"line":85,"column":6}},"25":{"start":{"line":87,"column":4},"end":{"line":87,"column":66}},"26":{"start":{"line":89,"column":4},"end":{"line":92,"column":7}},"27":{"start":{"line":94,"column":4},"end":{"line":97,"column":6}},"28":{"start":{"line":101,"column":27},"end":{"line":101,"column":62}},"29":{"start":{"line":103,"column":4},"end":{"line":105,"column":5}},"30":{"start":{"line":104,"column":6},"end":{"line":104,"column":59}},"31":{"start":{"line":107,"column":31},"end":{"line":107,"column":78}},"32":{"start":{"line":109,"column":4},"end":{"line":111,"column":5}},"33":{"start":{"line":110,"column":6},"end":{"line":110,"column":61}},"34":{"start":{"line":113,"column":4},"end":{"line":113,"column":25}},"35":{"start":{"line":115,"column":4},"end":{"line":115,"column":60}},"36":{"start":{"line":122,"column":19},"end":{"line":122,"column":51}},"37":{"start":{"line":124,"column":27},"end":{"line":124,"column":84}},"38":{"start":{"line":126,"column":4},"end":{"line":127,"column":68}},"39":{"start":{"line":127,"column":6},"end":{"line":127,"column":68}},"40":{"start":{"line":129,"column":18},"end":{"line":131,"column":null}},"41":{"start":{"line":134,"column":28},"end":{"line":134,"column":74}},"42":{"start":{"line":136,"column":19},"end":{"line":136,"column":73}},"43":{"start":{"line":137,"column":4},"end":{"line":137,"column":75}},"44":{"start":{"line":139,"column":4},"end":{"line":139,"column":18}},"45":{"start":{"line":143,"column":19},"end":{"line":143,"column":31}},"46":{"start":{"line":145,"column":4},"end":{"line":145,"column":27}},"47":{"start":{"line":146,"column":4},"end":{"line":146,"column":29}},"48":{"start":{"line":147,"column":4},"end":{"line":147,"column":25}},"49":{"start":{"line":148,"column":4},"end":{"line":148,"column":25}},"50":{"start":{"line":150,"column":4},"end":{"line":150,"column":18}},"51":{"start":{"line":20,"column":13},"end":{"line":20,"column":27}},"52":{"start":{"line":22,"column":19},"end":{"line":22,"column":null}},"53":{"start":{"line":25,"column":19},"end":{"line":25,"column":null}},"54":{"start":{"line":28,"column":19},"end":{"line":28,"column":null}},"55":{"start":{"line":20,"column":13},"end":{"line":152,"column":null}}},"fnMap":{"0":{"name":"(anonymous_2)","decl":{"start":{"line":30,"column":2},"end":{"line":30,"column":7}},"loc":{"start":{"line":30,"column":35},"end":{"line":63,"column":3}}},"1":{"name":"(anonymous_3)","decl":{"start":{"line":65,"column":2},"end":{"line":65,"column":7}},"loc":{"start":{"line":65,"column":75},"end":{"line":67,"column":3}}},"2":{"name":"(anonymous_4)","decl":{"start":{"line":69,"column":2},"end":{"line":69,"column":7}},"loc":{"start":{"line":69,"column":43},"end":{"line":71,"column":3}}},"3":{"name":"(anonymous_5)","decl":{"start":{"line":73,"column":2},"end":{"line":73,"column":7}},"loc":{"start":{"line":73,"column":48},"end":{"line":98,"column":3}}},"4":{"name":"(anonymous_6)","decl":{"start":{"line":100,"column":2},"end":{"line":100,"column":7}},"loc":{"start":{"line":100,"column":26},"end":{"line":116,"column":3}}},"5":{"name":"(anonymous_7)","decl":{"start":{"line":118,"column":2},"end":{"line":118,"column":7}},"loc":{"start":{"line":120,"column":19},"end":{"line":140,"column":3}}},"6":{"name":"(anonymous_8)","decl":{"start":{"line":142,"column":10},"end":{"line":142,"column":18}},"loc":{"start":{"line":142,"column":57},"end":{"line":151,"column":3}}}},"branchMap":{"0":{"loc":{"start":{"line":41,"column":4},"end":{"line":45,"column":5}},"type":"if","locations":[{"start":{"line":41,"column":4},"end":{"line":45,"column":5}}]},"1":{"loc":{"start":{"line":41,"column":8},"end":{"line":41,"column":44}},"type":"binary-expr","locations":[{"start":{"line":41,"column":8},"end":{"line":41,"column":24}},{"start":{"line":41,"column":28},"end":{"line":41,"column":44}}]},"2":{"loc":{"start":{"line":43,"column":43},"end":{"line":43,"column":89}},"type":"binary-expr","locations":[{"start":{"line":43,"column":43},"end":{"line":43,"column":64}},{"start":{"line":43,"column":68},"end":{"line":43,"column":89}}]},"3":{"loc":{"start":{"line":78,"column":4},"end":{"line":80,"column":5}},"type":"if","locations":[{"start":{"line":78,"column":4},"end":{"line":80,"column":5}}]},"4":{"loc":{"start":{"line":103,"column":4},"end":{"line":105,"column":5}},"type":"if","locations":[{"start":{"line":103,"column":4},"end":{"line":105,"column":5}}]},"5":{"loc":{"start":{"line":109,"column":4},"end":{"line":111,"column":5}},"type":"if","locations":[{"start":{"line":109,"column":4},"end":{"line":111,"column":5}}]},"6":{"loc":{"start":{"line":124,"column":27},"end":{"line":124,"column":84}},"type":"binary-expr","locations":[{"start":{"line":124,"column":27},"end":{"line":124,"column":78}},{"start":{"line":124,"column":82},"end":{"line":124,"column":84}}]},"7":{"loc":{"start":{"line":126,"column":4},"end":{"line":127,"column":68}},"type":"if","locations":[{"start":{"line":126,"column":4},"end":{"line":127,"column":68}}]},"8":{"loc":{"start":{"line":126,"column":8},"end":{"line":126,"column":24}},"type":"binary-expr","locations":[{"start":{"line":126,"column":8},"end":{"line":126,"column":14}},{"start":{"line":126,"column":18},"end":{"line":126,"column":24}}]}},"s":{"0":2,"1":2,"2":2,"3":2,"4":2,"5":2,"6":2,"7":2,"8":2,"9":2,"10":2,"11":1,"12":1,"13":1,"14":1,"15":1,"16":1,"17":1,"18":1,"19":5,"20":2,"21":2,"22":2,"23":1,"24":1,"25":1,"26":1,"27":1,"28":3,"29":3,"30":1,"31":2,"32":2,"33":1,"34":1,"35":1,"36":2,"37":2,"38":2,"39":1,"40":1,"41":1,"42":1,"43":1,"44":1,"45":4,"46":4,"47":4,"48":4,"49":4,"50":4,"51":2,"52":2,"53":2,"54":2,"55":2},"f":{"0":2,"1":1,"2":5,"3":2,"4":3,"5":2,"6":4},"b":{"0":[1],"1":[2,1],"2":[1,0],"3":[1],"4":[1],"5":[1],"6":[2,1],"7":[1],"8":[2,1]}}
,"C:\\Desenvolvimento\\Workspaces\\fiap\\hackathon\\clientes-api\\src\\usecases\\pacientes\\pacientes.controller.ts": {"path":"C:\\Desenvolvimento\\Workspaces\\fiap\\hackathon\\clientes-api\\src\\usecases\\pacientes\\pacientes.controller.ts","statementMap":{"0":{"start":{"line":1,"column":0},"end":{"line":1,"column":null}},"1":{"start":{"line":17,"column":0},"end":{"line":17,"column":55}},"2":{"start":{"line":18,"column":0},"end":{"line":18,"column":62}},"3":{"start":{"line":19,"column":0},"end":{"line":19,"column":62}},"4":{"start":{"line":20,"column":0},"end":{"line":20,"column":null}},"5":{"start":{"line":30,"column":0},"end":{"line":30,"column":90}},"6":{"start":{"line":31,"column":0},"end":{"line":31,"column":64}},"7":{"start":{"line":32,"column":0},"end":{"line":32,"column":85}},"8":{"start":{"line":33,"column":0},"end":{"line":33,"column":84}},"9":{"start":{"line":41,"column":7},"end":{"line":248,"column":null}},"10":{"start":{"line":63,"column":4},"end":{"line":63,"column":59}},"11":{"start":{"line":84,"column":4},"end":{"line":84,"column":65}},"12":{"start":{"line":145,"column":4},"end":{"line":145,"column":70}},"13":{"start":{"line":182,"column":4},"end":{"line":182,"column":54}},"14":{"start":{"line":216,"column":4},"end":{"line":216,"column":64}},"15":{"start":{"line":246,"column":4},"end":{"line":246,"column":45}},"16":{"start":{"line":41,"column":13},"end":{"line":41,"column":32}},"17":{"start":{"line":43,"column":19},"end":{"line":43,"column":null}},"18":{"start":{"line":62,"column":2},"end":{"line":64,"column":null}},"19":{"start":{"line":83,"column":2},"end":{"line":85,"column":null}},"20":{"start":{"line":139,"column":2},"end":{"line":146,"column":null}},"21":{"start":{"line":178,"column":2},"end":{"line":183,"column":null}},"22":{"start":{"line":212,"column":2},"end":{"line":217,"column":null}},"23":{"start":{"line":245,"column":2},"end":{"line":247,"column":null}},"24":{"start":{"line":41,"column":13},"end":{"line":248,"column":null}}},"fnMap":{"0":{"name":"(anonymous_4)","decl":{"start":{"line":62,"column":2},"end":{"line":62,"column":10}},"loc":{"start":{"line":62,"column":55},"end":{"line":64,"column":3}}},"1":{"name":"(anonymous_5)","decl":{"start":{"line":83,"column":2},"end":{"line":83,"column":15}},"loc":{"start":{"line":83,"column":70},"end":{"line":85,"column":3}}},"2":{"name":"(anonymous_6)","decl":{"start":{"line":139,"column":2},"end":{"line":139,"column":11}},"loc":{"start":{"line":143,"column":73},"end":{"line":146,"column":3}}},"3":{"name":"(anonymous_7)","decl":{"start":{"line":178,"column":2},"end":{"line":178,"column":11}},"loc":{"start":{"line":180,"column":65},"end":{"line":183,"column":3}}},"4":{"name":"(anonymous_8)","decl":{"start":{"line":212,"column":2},"end":{"line":212,"column":10}},"loc":{"start":{"line":214,"column":48},"end":{"line":217,"column":3}}},"5":{"name":"(anonymous_9)","decl":{"start":{"line":245,"column":2},"end":{"line":245,"column":10}},"loc":{"start":{"line":245,"column":36},"end":{"line":247,"column":3}}}},"branchMap":{},"s":{"0":1,"1":1,"2":1,"3":1,"4":1,"5":1,"6":1,"7":1,"8":1,"9":1,"10":1,"11":1,"12":1,"13":1,"14":1,"15":1,"16":1,"17":1,"18":1,"19":1,"20":1,"21":1,"22":1,"23":1,"24":1},"f":{"0":1,"1":1,"2":1,"3":1,"4":1,"5":1},"b":{}}
,"C:\\Desenvolvimento\\Workspaces\\fiap\\hackathon\\clientes-api\\src\\usecases\\pacientes\\pacientes.service.ts": {"path":"C:\\Desenvolvimento\\Workspaces\\fiap\\hackathon\\clientes-api\\src\\usecases\\pacientes\\pacientes.service.ts","statementMap":{"0":{"start":{"line":1,"column":0},"end":{"line":1,"column":null}},"1":{"start":{"line":10,"column":0},"end":{"line":10,"column":62}},"2":{"start":{"line":11,"column":0},"end":{"line":11,"column":100}},"3":{"start":{"line":12,"column":0},"end":{"line":12,"column":64}},"4":{"start":{"line":13,"column":0},"end":{"line":13,"column":100}},"5":{"start":{"line":16,"column":0},"end":{"line":16,"column":102}},"6":{"start":{"line":19,"column":7},"end":{"line":151,"column":null}},"7":{"start":{"line":30,"column":29},"end":{"line":30,"column":61}},"8":{"start":{"line":32,"column":29},"end":{"line":33,"column":null}},"9":{"start":{"line":36,"column":29},"end":{"line":37,"column":null}},"10":{"start":{"line":40,"column":4},"end":{"line":44,"column":5}},"11":{"start":{"line":41,"column":6},"end":{"line":43,"column":8}},"12":{"start":{"line":46,"column":4},"end":{"line":49,"column":6}},"13":{"start":{"line":51,"column":4},"end":{"line":51,"column":24}},"14":{"start":{"line":52,"column":4},"end":{"line":52,"column":47}},"15":{"start":{"line":53,"column":16},"end":{"line":53,"column":60}},"16":{"start":{"line":55,"column":4},"end":{"line":58,"column":7}},"17":{"start":{"line":60,"column":4},"end":{"line":60,"column":15}},"18":{"start":{"line":64,"column":4},"end":{"line":64,"column":72}},"19":{"start":{"line":68,"column":4},"end":{"line":68,"column":56}},"20":{"start":{"line":72,"column":29},"end":{"line":72,"column":47}},"21":{"start":{"line":74,"column":22},"end":{"line":74,"column":73}},"22":{"start":{"line":76,"column":4},"end":{"line":78,"column":5}},"23":{"start":{"line":77,"column":6},"end":{"line":77,"column":61}},"24":{"start":{"line":80,"column":4},"end":{"line":83,"column":6}},"25":{"start":{"line":85,"column":4},"end":{"line":85,"column":70}},"26":{"start":{"line":87,"column":4},"end":{"line":90,"column":7}},"27":{"start":{"line":92,"column":4},"end":{"line":95,"column":6}},"28":{"start":{"line":99,"column":31},"end":{"line":99,"column":66}},"29":{"start":{"line":101,"column":4},"end":{"line":103,"column":5}},"30":{"start":{"line":102,"column":6},"end":{"line":102,"column":61}},"31":{"start":{"line":105,"column":31},"end":{"line":107,"column":null}},"32":{"start":{"line":110,"column":4},"end":{"line":112,"column":5}},"33":{"start":{"line":111,"column":6},"end":{"line":111,"column":63}},"34":{"start":{"line":114,"column":4},"end":{"line":114,"column":27}},"35":{"start":{"line":116,"column":4},"end":{"line":116,"column":64}},"36":{"start":{"line":120,"column":19},"end":{"line":120,"column":33}},"37":{"start":{"line":122,"column":4},"end":{"line":122,"column":27}},"38":{"start":{"line":123,"column":4},"end":{"line":123,"column":29}},"39":{"start":{"line":124,"column":4},"end":{"line":124,"column":25}},"40":{"start":{"line":126,"column":4},"end":{"line":126,"column":18}},"41":{"start":{"line":133,"column":19},"end":{"line":133,"column":51}},"42":{"start":{"line":135,"column":27},"end":{"line":135,"column":84}},"43":{"start":{"line":137,"column":4},"end":{"line":138,"column":68}},"44":{"start":{"line":138,"column":6},"end":{"line":138,"column":68}},"45":{"start":{"line":140,"column":18},"end":{"line":142,"column":null}},"46":{"start":{"line":145,"column":30},"end":{"line":145,"column":78}},"47":{"start":{"line":146,"column":19},"end":{"line":146,"column":73}},"48":{"start":{"line":147,"column":4},"end":{"line":147,"column":75}},"49":{"start":{"line":149,"column":4},"end":{"line":149,"column":18}},"50":{"start":{"line":19,"column":13},"end":{"line":19,"column":29}},"51":{"start":{"line":21,"column":19},"end":{"line":21,"column":null}},"52":{"start":{"line":24,"column":19},"end":{"line":24,"column":null}},"53":{"start":{"line":27,"column":19},"end":{"line":27,"column":null}},"54":{"start":{"line":19,"column":13},"end":{"line":151,"column":null}}},"fnMap":{"0":{"name":"(anonymous_2)","decl":{"start":{"line":29,"column":2},"end":{"line":29,"column":7}},"loc":{"start":{"line":29,"column":51},"end":{"line":61,"column":3}}},"1":{"name":"(anonymous_3)","decl":{"start":{"line":63,"column":2},"end":{"line":63,"column":7}},"loc":{"start":{"line":63,"column":75},"end":{"line":65,"column":3}}},"2":{"name":"(anonymous_4)","decl":{"start":{"line":67,"column":2},"end":{"line":67,"column":7}},"loc":{"start":{"line":67,"column":43},"end":{"line":69,"column":3}}},"3":{"name":"(anonymous_5)","decl":{"start":{"line":71,"column":2},"end":{"line":71,"column":7}},"loc":{"start":{"line":71,"column":50},"end":{"line":96,"column":3}}},"4":{"name":"(anonymous_6)","decl":{"start":{"line":98,"column":2},"end":{"line":98,"column":7}},"loc":{"start":{"line":98,"column":26},"end":{"line":117,"column":3}}},"5":{"name":"(anonymous_7)","decl":{"start":{"line":119,"column":10},"end":{"line":119,"column":18}},"loc":{"start":{"line":119,"column":61},"end":{"line":127,"column":3}}},"6":{"name":"(anonymous_8)","decl":{"start":{"line":129,"column":2},"end":{"line":129,"column":7}},"loc":{"start":{"line":131,"column":19},"end":{"line":150,"column":3}}}},"branchMap":{"0":{"loc":{"start":{"line":40,"column":4},"end":{"line":44,"column":5}},"type":"if","locations":[{"start":{"line":40,"column":4},"end":{"line":44,"column":5}}]},"1":{"loc":{"start":{"line":40,"column":8},"end":{"line":40,"column":44}},"type":"binary-expr","locations":[{"start":{"line":40,"column":8},"end":{"line":40,"column":24}},{"start":{"line":40,"column":28},"end":{"line":40,"column":44}}]},"2":{"loc":{"start":{"line":42,"column":45},"end":{"line":42,"column":91}},"type":"binary-expr","locations":[{"start":{"line":42,"column":45},"end":{"line":42,"column":66}},{"start":{"line":42,"column":70},"end":{"line":42,"column":91}}]},"3":{"loc":{"start":{"line":76,"column":4},"end":{"line":78,"column":5}},"type":"if","locations":[{"start":{"line":76,"column":4},"end":{"line":78,"column":5}}]},"4":{"loc":{"start":{"line":101,"column":4},"end":{"line":103,"column":5}},"type":"if","locations":[{"start":{"line":101,"column":4},"end":{"line":103,"column":5}}]},"5":{"loc":{"start":{"line":110,"column":4},"end":{"line":112,"column":5}},"type":"if","locations":[{"start":{"line":110,"column":4},"end":{"line":112,"column":5}}]},"6":{"loc":{"start":{"line":135,"column":27},"end":{"line":135,"column":84}},"type":"binary-expr","locations":[{"start":{"line":135,"column":27},"end":{"line":135,"column":78}},{"start":{"line":135,"column":82},"end":{"line":135,"column":84}}]},"7":{"loc":{"start":{"line":137,"column":4},"end":{"line":138,"column":68}},"type":"if","locations":[{"start":{"line":137,"column":4},"end":{"line":138,"column":68}}]},"8":{"loc":{"start":{"line":137,"column":8},"end":{"line":137,"column":24}},"type":"binary-expr","locations":[{"start":{"line":137,"column":8},"end":{"line":137,"column":14}},{"start":{"line":137,"column":18},"end":{"line":137,"column":24}}]}},"s":{"0":2,"1":2,"2":2,"3":2,"4":2,"5":2,"6":2,"7":2,"8":2,"9":2,"10":2,"11":1,"12":1,"13":1,"14":1,"15":1,"16":1,"17":1,"18":1,"19":5,"20":2,"21":2,"22":2,"23":1,"24":1,"25":1,"26":1,"27":1,"28":3,"29":3,"30":1,"31":2,"32":2,"33":1,"34":1,"35":1,"36":4,"37":4,"38":4,"39":4,"40":4,"41":2,"42":2,"43":2,"44":1,"45":1,"46":1,"47":1,"48":1,"49":1,"50":2,"51":2,"52":2,"53":2,"54":2},"f":{"0":2,"1":1,"2":5,"3":2,"4":3,"5":4,"6":2},"b":{"0":[1],"1":[2,1],"2":[1,0],"3":[1],"4":[1],"5":[1],"6":[2,1],"7":[1],"8":[2,1]}}
}
