TN:
SF:src\infrastructure\repositories\email\email.repository.ts
FN:16,(anonymous_2)
FNF:1
FNH:1
FNDA:2,(anonymous_2)
DA:1,3
DA:2,3
DA:12,3
DA:14,3
DA:17,2
DA:22,2
DA:24,2
DA:26,2
DA:35,2
DA:37,2
DA:39,2
LF:11
LH:11
BRDA:39,0,0,1
BRDA:39,0,1,1
BRF:2
BRH:2
end_of_record
TN:
SF:src\infrastructure\repositories\event\event.repository.ts
FN:13,(anonymous_2)
FN:31,(anonymous_3)
FNF:2
FNH:2
FNDA:1,(anonymous_2)
FNDA:1,(anonymous_3)
DA:1,2
DA:2,2
DA:3,2
DA:6,2
DA:8,2
DA:11,2
DA:19,1
DA:28,1
DA:32,1
DA:33,1
DA:37,1
LF:11
LH:11
BRDA:17,0,0,1
BRF:1
BRH:1
end_of_record
TN:
SF:src\infrastructure\repositories\identity\identity.repository.ts
FN:19,(anonymous_1)
FN:31,(anonymous_2)
FN:44,(anonymous_3)
FN:60,(anonymous_4)
FN:64,(anonymous_5)
FN:68,(anonymous_6)
FN:72,(anonymous_7)
FN:83,(anonymous_8)
FN:87,(anonymous_9)
FN:99,(anonymous_10)
FN:104,(anonymous_11)
FNF:11
FNH:7
FNDA:1,(anonymous_1)
FNDA:3,(anonymous_2)
FNDA:2,(anonymous_3)
FNDA:0,(anonymous_4)
FNDA:0,(anonymous_5)
FNDA:0,(anonymous_6)
FNDA:1,(anonymous_7)
FNDA:0,(anonymous_8)
FNDA:1,(anonymous_9)
FNDA:1,(anonymous_10)
FNDA:2,(anonymous_11)
DA:1,5
DA:2,5
DA:9,5
DA:14,5
DA:18,5
DA:20,1
DA:28,1
DA:32,3
DA:33,3
DA:34,1
DA:36,2
DA:37,1
DA:39,1
DA:48,2
DA:49,2
DA:52,1
DA:54,1
DA:55,1
DA:61,0
DA:65,0
DA:69,0
DA:73,1
DA:79,1
DA:84,0
DA:91,1
DA:96,1
DA:100,1
DA:101,1
DA:105,2
DA:107,2
DA:108,2
DA:109,2
DA:110,2
DA:111,2
DA:112,2
DA:113,2
DA:115,2
LF:37
LH:33
BRDA:36,0,0,1
BRDA:36,0,1,1
BRF:2
BRH:2
end_of_record
TN:
SF:src\infrastructure\repositories\medico\medico.repository.ts
FN:12,(anonymous_2)
FN:24,(anonymous_3)
FN:31,(anonymous_4)
FN:43,(anonymous_5)
FN:47,(anonymous_6)
FN:66,(anonymous_7)
FN:73,(anonymous_8)
FN:87,(anonymous_9)
FN:100,(anonymous_10)
FNF:9
FNH:9
FNDA:9,(anonymous_2)
FNDA:1,(anonymous_3)
FNDA:1,(anonymous_4)
FNDA:1,(anonymous_5)
FNDA:1,(anonymous_6)
FNDA:1,(anonymous_7)
FNDA:2,(anonymous_8)
FNDA:1,(anonymous_9)
FNDA:1,(anonymous_10)
DA:1,3
DA:2,3
DA:3,3
DA:4,3
DA:6,3
DA:7,3
DA:9,3
DA:12,3
DA:14,3
DA:17,3
DA:20,3
DA:22,9
DA:25,1
DA:26,1
DA:27,1
DA:28,1
DA:32,1
DA:33,1
DA:39,1
DA:44,1
DA:53,1
DA:54,1
DA:56,1
DA:57,1
DA:59,1
DA:66,1
DA:67,1
DA:70,1
DA:74,2
DA:75,2
DA:79,2
DA:84,2
DA:88,1
DA:89,1
DA:91,1
DA:97,1
DA:101,1
LF:37
LH:37
BRDA:97,0,0,1
BRDA:97,0,1,1
BRF:2
BRH:2
end_of_record
TN:
SF:src\infrastructure\repositories\paciente\paciente.repository.ts
FN:12,(anonymous_2)
FN:24,(anonymous_3)
FN:31,(anonymous_4)
FN:43,(anonymous_5)
FN:47,(anonymous_6)
FN:66,(anonymous_7)
FN:73,(anonymous_8)
FN:87,(anonymous_9)
FN:100,(anonymous_10)
FNF:9
FNH:9
FNDA:9,(anonymous_2)
FNDA:1,(anonymous_3)
FNDA:1,(anonymous_4)
FNDA:1,(anonymous_5)
FNDA:1,(anonymous_6)
FNDA:1,(anonymous_7)
FNDA:2,(anonymous_8)
FNDA:1,(anonymous_9)
FNDA:1,(anonymous_10)
DA:1,3
DA:2,3
DA:3,3
DA:4,3
DA:5,3
DA:8,3
DA:9,3
DA:12,3
DA:14,3
DA:17,3
DA:20,3
DA:22,9
DA:25,1
DA:26,1
DA:27,1
DA:28,1
DA:32,1
DA:33,1
DA:39,1
DA:44,1
DA:53,1
DA:54,1
DA:56,1
DA:57,1
DA:59,1
DA:66,1
DA:67,1
DA:70,1
DA:74,2
DA:75,2
DA:79,2
DA:84,2
DA:88,1
DA:89,1
DA:91,1
DA:97,1
DA:101,1
LF:37
LH:37
BRDA:97,0,0,1
BRDA:97,0,1,1
BRF:2
BRH:2
end_of_record
TN:
SF:src\usecases\comunicacao\comunicacao.service.ts
FN:14,(anonymous_2)
FNF:1
FNH:1
FNDA:1,(anonymous_2)
DA:1,2
DA:3,2
DA:4,2
DA:7,2
DA:9,2
DA:12,2
DA:15,1
DA:17,1
DA:18,1
DA:20,1
DA:29,1
LF:11
LH:11
BRF:0
BRH:0
end_of_record
TN:
SF:src\usecases\medicos\medicos.service.ts
FN:30,(anonymous_2)
FN:65,(anonymous_3)
FN:69,(anonymous_4)
FN:73,(anonymous_5)
FN:100,(anonymous_6)
FN:118,(anonymous_7)
FN:142,(anonymous_8)
FNF:7
FNH:7
FNDA:2,(anonymous_2)
FNDA:1,(anonymous_3)
FNDA:5,(anonymous_4)
FNDA:2,(anonymous_5)
FNDA:3,(anonymous_6)
FNDA:2,(anonymous_7)
FNDA:4,(anonymous_8)
DA:1,2
DA:11,2
DA:12,2
DA:13,2
DA:14,2
DA:15,2
DA:20,2
DA:22,2
DA:25,2
DA:28,2
DA:31,2
DA:33,2
DA:37,2
DA:41,2
DA:42,1
DA:47,1
DA:52,1
DA:53,1
DA:55,1
DA:57,1
DA:62,1
DA:66,1
DA:70,5
DA:74,2
DA:76,2
DA:78,2
DA:79,1
DA:82,1
DA:87,1
DA:89,1
DA:94,1
DA:101,3
DA:103,3
DA:104,1
DA:107,2
DA:109,2
DA:110,1
DA:113,1
DA:115,1
DA:122,2
DA:124,2
DA:126,2
DA:127,1
DA:129,1
DA:134,1
DA:136,1
DA:137,1
DA:139,1
DA:143,4
DA:145,4
DA:146,4
DA:147,4
DA:148,4
DA:150,4
LF:54
LH:54
BRDA:41,0,0,1
BRDA:41,1,0,2
BRDA:41,1,1,1
BRDA:43,2,0,1
BRDA:43,2,1,0
BRDA:78,3,0,1
BRDA:103,4,0,1
BRDA:109,5,0,1
BRDA:124,6,0,2
BRDA:124,6,1,1
BRDA:126,7,0,1
BRDA:126,8,0,2
BRDA:126,8,1,1
BRF:13
BRH:12
end_of_record
TN:
SF:src\usecases\pacientes\pacientes.controller.ts
FN:62,(anonymous_4)
FN:83,(anonymous_5)
FN:139,(anonymous_6)
FN:178,(anonymous_7)
FN:212,(anonymous_8)
FN:245,(anonymous_9)
FNF:6
FNH:6
FNDA:1,(anonymous_4)
FNDA:1,(anonymous_5)
FNDA:1,(anonymous_6)
FNDA:1,(anonymous_7)
FNDA:1,(anonymous_8)
FNDA:1,(anonymous_9)
DA:1,1
DA:17,1
DA:18,1
DA:19,1
DA:20,1
DA:30,1
DA:31,1
DA:32,1
DA:33,1
DA:41,1
DA:43,1
DA:62,1
DA:63,1
DA:83,1
DA:84,1
DA:139,1
DA:145,1
DA:178,1
DA:182,1
DA:212,1
DA:216,1
DA:245,1
DA:246,1
LF:23
LH:23
BRF:0
BRH:0
end_of_record
TN:
SF:src\usecases\pacientes\pacientes.service.ts
FN:29,(anonymous_2)
FN:63,(anonymous_3)
FN:67,(anonymous_4)
FN:71,(anonymous_5)
FN:98,(anonymous_6)
FN:119,(anonymous_7)
FN:129,(anonymous_8)
FNF:7
FNH:7
FNDA:2,(anonymous_2)
FNDA:1,(anonymous_3)
FNDA:5,(anonymous_4)
FNDA:2,(anonymous_5)
FNDA:3,(anonymous_6)
FNDA:4,(anonymous_7)
FNDA:2,(anonymous_8)
DA:1,2
DA:10,2
DA:11,2
DA:12,2
DA:13,2
DA:16,2
DA:19,2
DA:21,2
DA:24,2
DA:27,2
DA:30,2
DA:32,2
DA:36,2
DA:40,2
DA:41,1
DA:46,1
DA:51,1
DA:52,1
DA:53,1
DA:55,1
DA:60,1
DA:64,1
DA:68,5
DA:72,2
DA:74,2
DA:76,2
DA:77,1
DA:80,1
DA:85,1
DA:87,1
DA:92,1
DA:99,3
DA:101,3
DA:102,1
DA:105,2
DA:110,2
DA:111,1
DA:114,1
DA:116,1
DA:120,4
DA:122,4
DA:123,4
DA:124,4
DA:126,4
DA:133,2
DA:135,2
DA:137,2
DA:138,1
DA:140,1
DA:145,1
DA:146,1
DA:147,1
DA:149,1
LF:53
LH:53
BRDA:40,0,0,1
BRDA:40,1,0,2
BRDA:40,1,1,1
BRDA:42,2,0,1
BRDA:42,2,1,0
BRDA:76,3,0,1
BRDA:101,4,0,1
BRDA:110,5,0,1
BRDA:135,6,0,2
BRDA:135,6,1,1
BRDA:137,7,0,1
BRDA:137,8,0,2
BRDA:137,8,1,1
BRF:13
BRH:12
end_of_record
